<?xml version="1.0" encoding="UTF-8"?>
<testsuite name="NumeralSystemConverterTest" tests="1" skipped="0" failures="0" errors="0" timestamp="2021-12-02T13:25:24" hostname="VICTOR_K" time="0.3">
  <properties/>
  <testcase name="start" classname="NumeralSystemConverterTest" time="0.3"/>
  <system-out><![CDATA[?[1;31m
Start test 1?[0m
Do you want to convert /from decimal or /to decimal? (To quit type /exit)
> /exit
?[1;31m
Start test 2?[0m
Do you want to convert /from decimal or /to decimal? (To quit type /exit)
> /from
Enter number in decimal system:
> 403
Enter target base:
> 2
Conversion result: 110010011
Do you want to convert /from decimal or /to decimal? (To quit type /exit)
> /exit
?[1;31m
Start test 3?[0m
Do you want to convert /from decimal or /to decimal? (To quit type /exit)
> /from
Enter number in decimal system:
> 446
Enter target base:
> 16
Conversion result: 1BE
Do you want to convert /from decimal or /to decimal? (To quit type /exit)
> /from
Enter number in decimal system:
> 115
Enter target base:
> 16
Conversion result: 73
Do you want to convert /from decimal or /to decimal? (To quit type /exit)
> /from
Enter number in decimal system:
> 850
Enter target base:
> 16
Conversion result: 352
Do you want to convert /from decimal or /to decimal? (To quit type /exit)
> /from
Enter number in decimal system:
> 67
Enter target base:
> 16
Conversion result: 43
Do you want to convert /from decimal or /to decimal? (To quit type /exit)
> /from
Enter number in decimal system:
> 921
Enter target base:
> 16
Conversion result: 399
Do you want to convert /from decimal or /to decimal? (To quit type /exit)
> /exit
?[1;31m
Start test 4?[0m
Do you want to convert /from decimal or /to decimal? (To quit type /exit)
> /from
Enter number in decimal system:
> 771
Enter target base:
> 8
Conversion result: 1403
Do you want to convert /from decimal or /to decimal? (To quit type /exit)
> /from
Enter number in decimal system:
> 434
Enter target base:
> 8
Conversion result: 662
Do you want to convert /from decimal or /to decimal? (To quit type /exit)
> /from
Enter number in decimal system:
> 559
Enter target base:
> 8
Conversion result: 1057
Do you want to convert /from decimal or /to decimal? (To quit type /exit)
> /from
Enter number in decimal system:
> 136
Enter target base:
> 8
Conversion result: 210
Do you want to convert /from decimal or /to decimal? (To quit type /exit)
> /from
Enter number in decimal system:
> 389
Enter target base:
> 8
Conversion result: 605
Do you want to convert /from decimal or /to decimal? (To quit type /exit)
> /exit
?[1;31m
Start test 5?[0m
Do you want to convert /from decimal or /to decimal? (To quit type /exit)
> /to
Enter source number:
> 10001010
Enter source base:
> 2
Conversion to decimal result: 138
Do you want to convert /from decimal or /to decimal? (To quit type /exit)
> /exit
?[1;31m
Start test 6?[0m
Do you want to convert /from decimal or /to decimal? (To quit type /exit)
> /to
Enter source number:
> 1112
Enter source base:
> 8
Conversion to decimal result: 586
Do you want to convert /from decimal or /to decimal? (To quit type /exit)
> /to
Enter source number:
> 656
Enter source base:
> 8
Conversion to decimal result: 430
Do you want to convert /from decimal or /to decimal? (To quit type /exit)
> /to
Enter source number:
> 1125
Enter source base:
> 8
Conversion to decimal result: 597
Do you want to convert /from decimal or /to decimal? (To quit type /exit)
> /to
Enter source number:
> 221
Enter source base:
> 8
Conversion to decimal result: 145
Do you want to convert /from decimal or /to decimal? (To quit type /exit)
> /to
Enter source number:
> 554
Enter source base:
> 8
Conversion to decimal result: 364
Do you want to convert /from decimal or /to decimal? (To quit type /exit)
> /exit
?[1;31m
Start test 7?[0m
Do you want to convert /from decimal or /to decimal? (To quit type /exit)
> /to
Enter source number:
> 2d8
Enter source base:
> 16
Conversion to decimal result: 728
Do you want to convert /from decimal or /to decimal? (To quit type /exit)
> /to
Enter source number:
> 1cb
Enter source base:
> 16
Conversion to decimal result: 459
Do you want to convert /from decimal or /to decimal? (To quit type /exit)
> /to
Enter source number:
> 39d
Enter source base:
> 16
Conversion to decimal result: 925
Do you want to convert /from decimal or /to decimal? (To quit type /exit)
> /to
Enter source number:
> c4
Enter source base:
> 16
Conversion to decimal result: 196
Do you want to convert /from decimal or /to decimal? (To quit type /exit)
> /to
Enter source number:
> 380
Enter source base:
> 16
Conversion to decimal result: 896
Do you want to convert /from decimal or /to decimal? (To quit type /exit)
> /exit
]]></system-out>
  <system-err><![CDATA[]]></system-err>
</testsuite>
